# JRE version: Java(TM) SE Runtime Environment (8.0_101-b13) (build 1.8.0_101-b13)
# Java VM: Java HotSpot(TM) 64-Bit Server VM (25.101-b13 mixed mode windows-amd64 compressed oops)
Heap:
 PSYoungGen      total 232960K, used 44214K [0x00000000eab00000, 0x0000000100000000, 0x0000000100000000)
  eden space 116736K, 37% used [0x00000000eab00000,0x00000000ed62db40,0x00000000f1d00000)
  from space 116224K, 0% used [0x00000000f8e80000,0x00000000f8e80000,0x0000000100000000)
  to   space 116224K, 0% used [0x00000000f1d00000,0x00000000f1d00000,0x00000000f8e80000)
 ParOldGen       total 316416K, used 176469K [0x00000000c0000000, 0x00000000d3500000, 0x00000000eab00000)
  object space 316416K, 55% used [0x00000000c0000000,0x00000000cac55488,0x00000000d3500000)
 Metaspace       used 6544K, capacity 7256K, committed 7424K, reserved 1056768K
  class space    used 626K, capacity 656K, committed 768K, reserved 1048576K
GC Heap History (10 events):
Event: 7.286 GC heap before
{Heap before GC invocations=9 (full 2):
 PSYoungGen      total 283136K, used 66042K [0x00000000eab00000, 0x0000000100000000, 0x0000000100000000)
  eden space 217088K, 0% used [0x00000000eab00000,0x00000000eab00000,0x00000000f7f00000)
  from space 66048K, 99% used [0x00000000f7f00000,0x00000000fbf7eaf0,0x00000000fbf80000)
  to   space 66048K, 0% used [0x00000000fbf80000,0x00000000fbf80000,0x0000000100000000)
 ParOldGen       total 143360K, used 132917K [0x00000000c0000000, 0x00000000c8c00000, 0x00000000eab00000)
  object space 143360K, 92% used [0x00000000c0000000,0x00000000c81cd480,0x00000000c8c00000)
 Metaspace       used 6526K, capacity 7256K, committed 7424K, reserved 1056768K
  class space    used 626K, capacity 656K, committed 768K, reserved 1048576K
Event: 7.843 GC heap after
Heap after GC invocations=9 (full 2):
 PSYoungGen      total 283136K, used 8166K [0x00000000eab00000, 0x0000000100000000, 0x0000000100000000)
  eden space 217088K, 0% used [0x00000000eab00000,0x00000000eab00000,0x00000000f7f00000)
  from space 66048K, 12% used [0x00000000f7f00000,0x00000000f86f99a0,0x00000000fbf80000)
  to   space 66048K, 0% used [0x00000000fbf80000,0x00000000fbf80000,0x0000000100000000)
 ParOldGen       total 254976K, used 143115K [0x00000000c0000000, 0x00000000cf900000, 0x00000000eab00000)
  object space 254976K, 56% used [0x00000000c0000000,0x00000000c8bc2cc0,0x00000000cf900000)
 Metaspace       used 6526K, capacity 7256K, committed 7424K, reserved 1056768K
  class space    used 626K, capacity 656K, committed 768K, reserved 1048576K
}
Event: 8.440 GC heap before
{Heap before GC invocations=10 (full 2):
 PSYoungGen      total 283136K, used 225254K [0x00000000eab00000, 0x0000000100000000, 0x0000000100000000)
  eden space 217088K, 100% used [0x00000000eab00000,0x00000000f7f00000,0x00000000f7f00000)
  from space 66048K, 12% used [0x00000000f7f00000,0x00000000f86f99a0,0x00000000fbf80000)
  to   space 66048K, 0% used [0x00000000fbf80000,0x00000000fbf80000,0x0000000100000000)
 ParOldGen       total 254976K, used 143115K [0x00000000c0000000, 0x00000000cf900000, 0x00000000eab00000)
  object space 254976K, 56% used [0x00000000c0000000,0x00000000c8bc2cc0,0x00000000cf900000)
 Metaspace       used 6538K, capacity 7256K, committed 7424K, reserved 1056768K
  class space    used 626K, capacity 656K, committed 768K, reserved 1048576K
Event: 8.892 GC heap after
Heap after GC invocations=10 (full 2):
 PSYoungGen      total 182784K, used 66024K [0x00000000eab00000, 0x0000000100000000, 0x0000000100000000)
  eden space 116736K, 0% used [0x00000000eab00000,0x00000000eab00000,0x00000000f1d00000)
  from space 66048K, 99% used [0x00000000fbf80000,0x00000000ffffa398,0x0000000100000000)
  to   space 116224K, 0% used [0x00000000f1d00000,0x00000000f1d00000,0x00000000f8e80000)
 ParOldGen       total 254976K, used 167208K [0x00000000c0000000, 0x00000000cf900000, 0x00000000eab00000)
  object space 254976K, 65% used [0x00000000c0000000,0x00000000ca34a258,0x00000000cf900000)
 Metaspace       used 6538K, capacity 7256K, committed 7424K, reserved 1056768K
  class space    used 626K, capacity 656K, committed 768K, reserved 1048576K
}
Event: 9.368 GC heap before
{Heap before GC invocations=11 (full 2):
 PSYoungGen      total 182784K, used 182760K [0x00000000eab00000, 0x0000000100000000, 0x0000000100000000)
  eden space 116736K, 100% used [0x00000000eab00000,0x00000000f1d00000,0x00000000f1d00000)
  from space 66048K, 99% used [0x00000000fbf80000,0x00000000ffffa398,0x0000000100000000)
  to   space 116224K, 0% used [0x00000000f1d00000,0x00000000f1d00000,0x00000000f8e80000)
 ParOldGen       total 254976K, used 167208K [0x00000000c0000000, 0x00000000cf900000, 0x00000000eab00000)
  object space 254976K, 65% used [0x00000000c0000000,0x00000000ca34a258,0x00000000cf900000)
 Metaspace       used 6544K, capacity 7256K, committed 7424K, reserved 1056768K
  class space    used 626K, capacity 656K, committed 768K, reserved 1048576K
Event: 9.662 GC heap after
Heap after GC invocations=11 (full 2):
 PSYoungGen      total 232960K, used 86398K [0x00000000eab00000, 0x0000000100000000, 0x0000000100000000)
  eden space 116736K, 0% used [0x00000000eab00000,0x00000000eab00000,0x00000000f1d00000)
  from space 116224K, 74% used [0x00000000f1d00000,0x00000000f715f840,0x00000000f8e80000)
  to   space 116224K, 0% used [0x00000000f8e80000,0x00000000f8e80000,0x0000000100000000)
 ParOldGen       total 254976K, used 167208K [0x00000000c0000000, 0x00000000cf900000, 0x00000000eab00000)
  object space 254976K, 65% used [0x00000000c0000000,0x00000000ca34a258,0x00000000cf900000)
 Metaspace       used 6544K, capacity 7256K, committed 7424K, reserved 1056768K
  class space    used 626K, capacity 656K, committed 768K, reserved 1048576K
}
Event: 9.794 GC heap before
{Heap before GC invocations=12 (full 2):
 PSYoungGen      total 232960K, used 203134K [0x00000000eab00000, 0x0000000100000000, 0x0000000100000000)
  eden space 116736K, 100% used [0x00000000eab00000,0x00000000f1d00000,0x00000000f1d00000)
  from space 116224K, 74% used [0x00000000f1d00000,0x00000000f715f840,0x00000000f8e80000)
  to   space 116224K, 0% used [0x00000000f8e80000,0x00000000f8e80000,0x0000000100000000)
 ParOldGen       total 254976K, used 167208K [0x00000000c0000000, 0x00000000cf900000, 0x00000000eab00000)
  object space 254976K, 65% used [0x00000000c0000000,0x00000000ca34a258,0x00000000cf900000)
 Metaspace       used 6544K, capacity 7256K, committed 7424K, reserved 1056768K
  class space    used 626K, capacity 656K, committed 768K, reserved 1048576K
Event: 9.923 GC heap after
Heap after GC invocations=12 (full 2):
 PSYoungGen      total 232960K, used 77849K [0x00000000eab00000, 0x0000000100000000, 0x0000000100000000)
  eden space 116736K, 0% used [0x00000000eab00000,0x00000000eab00000,0x00000000f1d00000)
  from space 116224K, 66% used [0x00000000f8e80000,0x00000000fda86660,0x0000000100000000)
  to   space 116224K, 0% used [0x00000000f1d00000,0x00000000f1d00000,0x00000000f8e80000)
 ParOldGen       total 254976K, used 232920K [0x00000000c0000000, 0x00000000cf900000, 0x00000000eab00000)
  object space 254976K, 91% used [0x00000000c0000000,0x00000000ce376098,0x00000000cf900000)
 Metaspace       used 6544K, capacity 7256K, committed 7424K, reserved 1056768K
  class space    used 626K, capacity 656K, committed 768K, reserved 1048576K
}
Event: 9.923 GC heap before
{Heap before GC invocations=13 (full 3):
 PSYoungGen      total 232960K, used 77849K [0x00000000eab00000, 0x0000000100000000, 0x0000000100000000)
  eden space 116736K, 0% used [0x00000000eab00000,0x00000000eab00000,0x00000000f1d00000)
  from space 116224K, 66% used [0x00000000f8e80000,0x00000000fda86660,0x0000000100000000)
  to   space 116224K, 0% used [0x00000000f1d00000,0x00000000f1d00000,0x00000000f8e80000)
 ParOldGen       total 254976K, used 232920K [0x00000000c0000000, 0x00000000cf900000, 0x00000000eab00000)
  object space 254976K, 91% used [0x00000000c0000000,0x00000000ce376098,0x00000000cf900000)
 Metaspace       used 6544K, capacity 7256K, committed 7424K, reserved 1056768K
  class space    used 626K, capacity 656K, committed 768K, reserved 1048576K
Event: 11.464 GC heap after
Heap after GC invocations=13 (full 3):
 PSYoungGen      total 232960K, used 0K [0x00000000eab00000, 0x0000000100000000, 0x0000000100000000)
  eden space 116736K, 0% used [0x00000000eab00000,0x00000000eab00000,0x00000000f1d00000)
  from space 116224K, 0% used [0x00000000f8e80000,0x00000000f8e80000,0x0000000100000000)
  to   space 116224K, 0% used [0x00000000f1d00000,0x00000000f1d00000,0x00000000f8e80000)
 ParOldGen       total 316416K, used 176469K [0x00000000c0000000, 0x00000000d3500000, 0x00000000eab00000)
  object space 316416K, 55% used [0x00000000c0000000,0x00000000cac55488,0x00000000d3500000)
 Metaspace       used 6544K, capacity 7256K, committed 7424K, reserved 1056768K
  class space    used 626K, capacity 656K, committed 768K, reserved 1048576K
}

