# JRE version: Java(TM) SE Runtime Environment (8.0_101-b13) (build 1.8.0_101-b13)
# Java VM: Java HotSpot(TM) 64-Bit Server VM (25.101-b13 mixed mode windows-amd64 compressed oops)
Heap:
 PSYoungGen      total 180224K, used 32959K [0x00000000eab00000, 0x0000000100000000, 0x0000000100000000)
  eden space 116736K, 28% used [0x00000000eab00000,0x00000000ecbabe10,0x00000000f1d00000)
  from space 63488K, 0% used [0x00000000fc200000,0x00000000fc200000,0x0000000100000000)
  to   space 116224K, 0% used [0x00000000f1d00000,0x00000000f1d00000,0x00000000f8e80000)
 ParOldGen       total 338432K, used 188062K [0x00000000c0000000, 0x00000000d4a80000, 0x00000000eab00000)
  object space 338432K, 55% used [0x00000000c0000000,0x00000000cb7a79b8,0x00000000d4a80000)
 Metaspace       used 6526K, capacity 7256K, committed 7424K, reserved 1056768K
  class space    used 625K, capacity 656K, committed 768K, reserved 1048576K
GC Heap History (10 events):
Event: 3.861 GC heap before
{Heap before GC invocations=6 (full 1):
 PSYoungGen      total 138240K, used 5099K [0x00000000eab00000, 0x0000000100000000, 0x0000000100000000)
  eden space 133120K, 0% used [0x00000000eab00000,0x00000000eab00000,0x00000000f2d00000)
  from space 5120K, 99% used [0x00000000f2d00000,0x00000000f31fac60,0x00000000f3200000)
  to   space 48128K, 0% used [0x00000000fd100000,0x00000000fd100000,0x0000000100000000)
 ParOldGen       total 87552K, used 71920K [0x00000000c0000000, 0x00000000c5580000, 0x00000000eab00000)
  object space 87552K, 82% used [0x00000000c0000000,0x00000000c463c0f8,0x00000000c5580000)
 Metaspace       used 6458K, capacity 7192K, committed 7424K, reserved 1056768K
  class space    used 625K, capacity 656K, committed 768K, reserved 1048576K
Event: 5.204 GC heap after
Heap after GC invocations=6 (full 1):
 PSYoungGen      total 138240K, used 0K [0x00000000eab00000, 0x0000000100000000, 0x0000000100000000)
  eden space 133120K, 0% used [0x00000000eab00000,0x00000000eab00000,0x00000000f2d00000)
  from space 5120K, 0% used [0x00000000f2d00000,0x00000000f2d00000,0x00000000f3200000)
  to   space 48128K, 0% used [0x00000000fd100000,0x00000000fd100000,0x0000000100000000)
 ParOldGen       total 165888K, used 73955K [0x00000000c0000000, 0x00000000ca200000, 0x00000000eab00000)
  object space 165888K, 44% used [0x00000000c0000000,0x00000000c4838cf0,0x00000000ca200000)
 Metaspace       used 6458K, capacity 7192K, committed 7424K, reserved 1056768K
  class space    used 625K, capacity 656K, committed 768K, reserved 1048576K
}
Event: 5.970 GC heap before
{Heap before GC invocations=7 (full 1):
 PSYoungGen      total 138240K, used 133120K [0x00000000eab00000, 0x0000000100000000, 0x0000000100000000)
  eden space 133120K, 100% used [0x00000000eab00000,0x00000000f2d00000,0x00000000f2d00000)
  from space 5120K, 0% used [0x00000000f2d00000,0x00000000f2d00000,0x00000000f3200000)
  to   space 48128K, 0% used [0x00000000fd100000,0x00000000fd100000,0x0000000100000000)
 ParOldGen       total 165888K, used 73955K [0x00000000c0000000, 0x00000000ca200000, 0x00000000eab00000)
  object space 165888K, 44% used [0x00000000c0000000,0x00000000c4838cf0,0x00000000ca200000)
 Metaspace       used 6470K, capacity 7192K, committed 7424K, reserved 1056768K
  class space    used 625K, capacity 656K, committed 768K, reserved 1048576K
Event: 6.585 GC heap after
Heap after GC invocations=7 (full 1):
 PSYoungGen      total 248832K, used 48122K [0x00000000eab00000, 0x0000000100000000, 0x0000000100000000)
  eden space 200704K, 0% used [0x00000000eab00000,0x00000000eab00000,0x00000000f6f00000)
  from space 48128K, 99% used [0x00000000fd100000,0x00000000ffffe978,0x0000000100000000)
  to   space 63488K, 0% used [0x00000000f8400000,0x00000000f8400000,0x00000000fc200000)
 ParOldGen       total 165888K, used 80567K [0x00000000c0000000, 0x00000000ca200000, 0x00000000eab00000)
  object space 165888K, 48% used [0x00000000c0000000,0x00000000c4eaddd0,0x00000000ca200000)
 Metaspace       used 6470K, capacity 7192K, committed 7424K, reserved 1056768K
  class space    used 625K, capacity 656K, committed 768K, reserved 1048576K
}
Event: 7.211 GC heap before
{Heap before GC invocations=8 (full 1):
 PSYoungGen      total 248832K, used 248826K [0x00000000eab00000, 0x0000000100000000, 0x0000000100000000)
  eden space 200704K, 100% used [0x00000000eab00000,0x00000000f6f00000,0x00000000f6f00000)
  from space 48128K, 99% used [0x00000000fd100000,0x00000000ffffe978,0x0000000100000000)
  to   space 63488K, 0% used [0x00000000f8400000,0x00000000f8400000,0x00000000fc200000)
 ParOldGen       total 165888K, used 80567K [0x00000000c0000000, 0x00000000ca200000, 0x00000000eab00000)
  object space 165888K, 48% used [0x00000000c0000000,0x00000000c4eaddd0,0x00000000ca200000)
 Metaspace       used 6475K, capacity 7192K, committed 7424K, reserved 1056768K
  class space    used 625K, capacity 656K, committed 768K, reserved 1048576K
Event: 7.676 GC heap after
Heap after GC invocations=8 (full 1):
 PSYoungGen      total 285696K, used 63482K [0x00000000eab00000, 0x0000000100000000, 0x0000000100000000)
  eden space 222208K, 0% used [0x00000000eab00000,0x00000000eab00000,0x00000000f8400000)
  from space 63488K, 99% used [0x00000000f8400000,0x00000000fc1feb08,0x00000000fc200000)
  to   space 63488K, 0% used [0x00000000fc200000,0x00000000fc200000,0x0000000100000000)
 ParOldGen       total 165888K, used 105320K [0x00000000c0000000, 0x00000000ca200000, 0x00000000eab00000)
  object space 165888K, 63% used [0x00000000c0000000,0x00000000c66da068,0x00000000ca200000)
 Metaspace       used 6475K, capacity 7192K, committed 7424K, reserved 1056768K
  class space    used 625K, capacity 656K, committed 768K, reserved 1048576K
}
Event: 8.358 GC heap before
{Heap before GC invocations=9 (full 1):
 PSYoungGen      total 285696K, used 285690K [0x00000000eab00000, 0x0000000100000000, 0x0000000100000000)
  eden space 222208K, 100% used [0x00000000eab00000,0x00000000f8400000,0x00000000f8400000)
  from space 63488K, 99% used [0x00000000f8400000,0x00000000fc1feb08,0x00000000fc200000)
  to   space 63488K, 0% used [0x00000000fc200000,0x00000000fc200000,0x0000000100000000)
 ParOldGen       total 165888K, used 105320K [0x00000000c0000000, 0x00000000ca200000, 0x00000000eab00000)
  object space 165888K, 63% used [0x00000000c0000000,0x00000000c66da068,0x00000000ca200000)
 Metaspace       used 6526K, capacity 7256K, committed 7424K, reserved 1056768K
  class space    used 625K, capacity 656K, committed 768K, reserved 1048576K
Event: 9.171 GC heap after
Heap after GC invocations=9 (full 1):
 PSYoungGen      total 180224K, used 63470K [0x00000000eab00000, 0x0000000100000000, 0x0000000100000000)
  eden space 116736K, 0% used [0x00000000eab00000,0x00000000eab00000,0x00000000f1d00000)
  from space 63488K, 99% used [0x00000000fc200000,0x00000000ffffbaf8,0x0000000100000000)
  to   space 116224K, 0% used [0x00000000f1d00000,0x00000000f1d00000,0x00000000f8e80000)
 ParOldGen       total 217088K, used 214062K [0x00000000c0000000, 0x00000000cd400000, 0x00000000eab00000)
  object space 217088K, 98% used [0x00000000c0000000,0x00000000cd10baf0,0x00000000cd400000)
 Metaspace       used 6526K, capacity 7256K, committed 7424K, reserved 1056768K
  class space    used 625K, capacity 656K, committed 768K, reserved 1048576K
}
Event: 9.171 GC heap before
{Heap before GC invocations=10 (full 2):
 PSYoungGen      total 180224K, used 63470K [0x00000000eab00000, 0x0000000100000000, 0x0000000100000000)
  eden space 116736K, 0% used [0x00000000eab00000,0x00000000eab00000,0x00000000f1d00000)
  from space 63488K, 99% used [0x00000000fc200000,0x00000000ffffbaf8,0x0000000100000000)
  to   space 116224K, 0% used [0x00000000f1d00000,0x00000000f1d00000,0x00000000f8e80000)
 ParOldGen       total 217088K, used 214062K [0x00000000c0000000, 0x00000000cd400000, 0x00000000eab00000)
  object space 217088K, 98% used [0x00000000c0000000,0x00000000cd10baf0,0x00000000cd400000)
 Metaspace       used 6526K, capacity 7256K, committed 7424K, reserved 1056768K
  class space    used 625K, capacity 656K, committed 768K, reserved 1048576K
Event: 10.634 GC heap after
Heap after GC invocations=10 (full 2):
 PSYoungGen      total 180224K, used 0K [0x00000000eab00000, 0x0000000100000000, 0x0000000100000000)
  eden space 116736K, 0% used [0x00000000eab00000,0x00000000eab00000,0x00000000f1d00000)
  from space 63488K, 0% used [0x00000000fc200000,0x00000000fc200000,0x0000000100000000)
  to   space 116224K, 0% used [0x00000000f1d00000,0x00000000f1d00000,0x00000000f8e80000)
 ParOldGen       total 338432K, used 188062K [0x00000000c0000000, 0x00000000d4a80000, 0x00000000eab00000)
  object space 338432K, 55% used [0x00000000c0000000,0x00000000cb7a79b8,0x00000000d4a80000)
 Metaspace       used 6526K, capacity 7256K, committed 7424K, reserved 1056768K
  class space    used 625K, capacity 656K, committed 768K, reserved 1048576K
}

